<?xml version="1.0" encoding="UTF-8"?>
<!-- Generated by org.testng.reporters.JUnitXMLReporter -->
<testsuite hostname="Deetya" name="Default test" tests="5" failures="0" timestamp="3 Jul 2016 03:30:21 GMT" time="8.181" errors="0">
  <testcase name="testGetCall" time="5.121" classname="com.mitchell.api.tests.ServiceLevelTests"/>
  <testcase name="testGetCallByID" time="1.638" classname="com.mitchell.api.tests.ServiceLevelTests"/>
  <testcase name="testPostCall" time="0.433" classname="com.mitchell.api.tests.ServiceLevelTests"/>
  <testcase name="testPutCall" time="0.297" classname="com.mitchell.api.tests.ServiceLevelTests"/>
  <testcase name="testDeleteCall" time="0.605" classname="com.mitchell.api.tests.ServiceLevelTests"/>
</testsuite> <!-- Default test -->
